<?xml version="1.0" encoding="UTF-8"?>
<!-- Generated by org.testng.reporters.JUnitReportReporter -->
<testsuite skipped="0" hostname="Jimiait" name="test.TestNGPageTest" tests="1" failures="0" timestamp="2022-08-29T17:04:59 CDT" time="4.861" errors="0">
  <testcase name="testNGPageTest" time="4.861" classname="test.TestNGPageTest"/>
  <system-out/>
</testsuite> <!-- test.TestNGPageTest -->
